TN:
SF:src\components\InstallationGuarantee.tsx
FN:3,(anonymous_0)
FNF:1
FNH:1
FNDA:1,(anonymous_0)
DA:3,1
DA:4,1
LF:2
LH:2
BRF:0
BRH:0
end_of_record
TN:
SF:src\components\Questionnaire.tsx
FN:33,(anonymous_0)
FN:40,(anonymous_1)
FN:54,(anonymous_2)
FN:61,(anonymous_3)
FN:67,(anonymous_4)
FN:68,(anonymous_5)
FN:73,(anonymous_6)
FN:80,(anonymous_7)
FN:88,(anonymous_8)
FN:96,(anonymous_9)
FN:105,(anonymous_10)
FN:106,(anonymous_11)
FN:139,(anonymous_12)
FN:142,(anonymous_13)
FN:156,(anonymous_14)
FN:156,(anonymous_15)
FN:162,(anonymous_16)
FN:162,(anonymous_17)
FNF:18
FNH:16
FNDA:23,(anonymous_0)
FNDA:2,(anonymous_1)
FNDA:2,(anonymous_2)
FNDA:1,(anonymous_3)
FNDA:19,(anonymous_4)
FNDA:25,(anonymous_5)
FNDA:61,(anonymous_6)
FNDA:23,(anonymous_7)
FNDA:120,(anonymous_8)
FNDA:13,(anonymous_9)
FNDA:1,(anonymous_10)
FNDA:45,(anonymous_11)
FNDA:28,(anonymous_12)
FNDA:4,(anonymous_13)
FNDA:0,(anonymous_14)
FNDA:0,(anonymous_15)
FNDA:3,(anonymous_16)
FNDA:3,(anonymous_17)
DA:14,1
DA:33,1
DA:34,23
DA:35,23
DA:36,23
DA:37,23
DA:40,23
DA:54,23
DA:61,23
DA:62,1
DA:63,1
DA:67,23
DA:68,25
DA:71,19
DA:73,61
DA:75,19
DA:80,23
DA:81,23
DA:82,15
DA:89,120
DA:96,13
DA:105,1
DA:106,45
DA:115,8
DA:117,8
DA:119,1
DA:133,7
DA:140,28
DA:142,4
DA:156,0
DA:162,3
DA:173,23
LF:32
LH:31
BRDA:75,0,0,19
BRDA:75,0,1,1
BRDA:81,1,0,15
BRDA:81,1,1,8
BRDA:117,2,0,1
BRDA:117,2,1,7
BRDA:144,3,0,4
BRDA:144,3,1,24
BRDA:166,4,0,5
BRDA:166,4,1,2
BRF:10
BRH:10
end_of_record
TN:
SF:src\contexts\NavigationContext.tsx
FN:7,(anonymous_0)
FN:15,(anonymous_1)
FNF:2
FNH:2
FNDA:2,(anonymous_0)
FNDA:23,(anonymous_1)
DA:5,1
DA:7,1
DA:8,2
DA:15,1
DA:16,23
DA:17,23
DA:18,0
DA:20,23
LF:8
LH:7
BRDA:17,0,0,0
BRDA:17,0,1,23
BRF:2
BRH:1
end_of_record
TN:
SF:src\contexts\QuestionnaireContext.tsx
FN:31,(anonymous_0)
FN:32,(anonymous_1)
FN:35,(anonymous_2)
FN:36,(anonymous_3)
FN:37,(anonymous_4)
FN:38,(anonymous_5)
FN:39,(anonymous_6)
FN:44,(anonymous_7)
FN:46,(anonymous_8)
FN:54,(anonymous_9)
FN:55,(anonymous_10)
FN:59,(anonymous_11)
FN:60,(anonymous_12)
FN:67,(anonymous_13)
FN:72,(anonymous_14)
FN:80,(anonymous_15)
FNF:16
FNH:7
FNDA:0,(anonymous_0)
FNDA:0,(anonymous_1)
FNDA:0,(anonymous_2)
FNDA:0,(anonymous_3)
FNDA:0,(anonymous_4)
FNDA:0,(anonymous_5)
FNDA:0,(anonymous_6)
FNDA:26,(anonymous_7)
FNDA:22,(anonymous_8)
FNDA:5,(anonymous_9)
FNDA:5,(anonymous_10)
FNDA:14,(anonymous_11)
FNDA:14,(anonymous_12)
FNDA:0,(anonymous_13)
FNDA:0,(anonymous_14)
FNDA:22,(anonymous_15)
DA:12,2
DA:23,2
DA:42,2
DA:44,26
DA:46,2
DA:47,22
DA:48,22
DA:49,22
DA:50,22
DA:51,22
DA:54,22
DA:55,5
DA:59,22
DA:60,14
DA:67,22
DA:68,0
DA:72,22
DA:73,0
DA:74,0
DA:75,0
DA:76,0
DA:77,0
DA:80,22
DA:107,22
LF:24
LH:18
BRF:0
BRH:0
end_of_record
TN:
SF:src\contexts\RiskContext.tsx
FN:30,(anonymous_0)
FN:31,(anonymous_1)
FN:41,(anonymous_2)
FN:49,(anonymous_3)
FN:55,(anonymous_4)
FN:59,(anonymous_5)
FN:61,(anonymous_6)
FN:67,(anonymous_7)
FN:69,(anonymous_8)
FN:89,(anonymous_9)
FNF:10
FNH:10
FNDA:8,(anonymous_0)
FNDA:4,(anonymous_1)
FNDA:8,(anonymous_2)
FNDA:5,(anonymous_3)
FNDA:1,(anonymous_4)
FNDA:2,(anonymous_5)
FNDA:7,(anonymous_6)
FNDA:2,(anonymous_7)
FNDA:1,(anonymous_8)
FNDA:29,(anonymous_9)
DA:5,2
DA:6,2
DA:11,2
DA:30,2
DA:31,8
DA:32,4
DA:33,4
DA:34,4
DA:36,0
DA:37,0
DA:41,8
DA:42,8
DA:43,8
DA:45,0
DA:49,8
DA:50,5
DA:51,1
DA:52,4
DA:53,3
DA:55,1
DA:59,8
DA:60,2
DA:61,2
DA:62,7
DA:63,7
DA:65,7
DA:67,2
DA:68,1
DA:69,1
DA:70,1
DA:73,2
DA:76,8
DA:82,8
DA:89,2
DA:90,29
DA:91,29
DA:92,0
DA:94,29
LF:38
LH:34
BRDA:34,0,0,1
BRDA:34,0,1,3
BRDA:50,1,0,1
BRDA:50,1,1,4
BRDA:52,2,0,3
BRDA:52,2,1,1
BRDA:65,3,0,5
BRDA:65,3,1,2
BRDA:65,4,0,7
BRDA:65,4,1,5
BRDA:67,5,0,1
BRDA:67,5,1,1
BRDA:69,6,0,1
BRDA:69,6,1,0
BRDA:91,7,0,0
BRDA:91,7,1,29
BRF:16
BRH:14
end_of_record
